<?xml version="1.0" encoding="UTF-8"?>
<testng-results ignored="0" total="1" passed="1" failed="0" skipped="0">
  <reporter-output>
  </reporter-output>
  <suite started-at="2022-01-03T20:12:33 IST" name="Default suite" finished-at="2022-01-03T20:12:36 IST" duration-ms="2727">
    <groups>
    </groups>
    <test started-at="2022-01-03T20:12:33 IST" name="Default test" finished-at="2022-01-03T20:12:36 IST" duration-ms="2727">
      <class name="com.apitesting1.Testing_POST">
        <test-method signature="postTesting()[pri:0, instance:com.apitesting1.Testing_POST@15bbf42f]" started-at="2022-01-03T20:12:33 IST" name="postTesting" finished-at="2022-01-03T20:12:36 IST" duration-ms="2696" status="PASS">
          <reporter-output>
          </reporter-output>
        </test-method> <!-- postTesting -->
      </class> <!-- com.apitesting1.Testing_POST -->
    </test> <!-- Default test -->
  </suite> <!-- Default suite -->
</testng-results>
